<?xml version="1.0" encoding="utf-8"?><testsuites name="pytest tests"><testsuite name="pytest" errors="0" failures="0" skipped="0" tests="34" time="19.769" timestamp="2026-05-13T11:38:22.672118+00:00" hostname="agent-env-55264504-5682-4b45-9edf-51c38a819cc5"><testcase classname="backend.tests.test_hunter_api" name="test_root" time="0.003" /><testcase classname="backend.tests.test_hunter_api" name="test_progression_mode_buckets[300-200-400-1000-conservative]" time="0.045" /><testcase classname="backend.tests.test_hunter_api" name="test_progression_mode_buckets[200-140-240-1000-moderate]" time="0.045" /><testcase classname="backend.tests.test_hunter_api" name="test_progression_mode_buckets[150-100-180-1000-aggressive]" time="0.045" /><testcase classname="backend.tests.test_hunter_api" name="test_estimated_weeks_dict_shape_and_range" time="0.044" /><testcase classname="backend.tests.test_hunter_api" name="test_daily_weights_per_day_modifier" time="0.045" /><testcase classname="backend.tests.test_hunter_api" name="test_machine_rounding_5kg" time="0.046" /><testcase classname="backend.tests.test_hunter_api" name="test_partial_log_does_not_complete_workout" time="0.175" /><testcase classname="backend.tests.test_hunter_api" name="test_full_log_xp_math_and_complete" time="0.044" /><testcase classname="backend.tests.test_hunter_api" name="test_rpe_low_increments_upcoming_squat_workouts" time="0.134" /><testcase classname="backend.tests.test_hunter_api" name="test_rpe_high_decrements" time="0.088" /><testcase classname="backend.tests.test_hunter_api" name="test_progress_endpoint" time="0.044" /><testcase classname="backend.tests.test_hunter_api" name="test_boss_fight_resets_adjustments" time="0.088" /><testcase classname="backend.tests.test_hunter_api" name="test_ai_coach_with_new_log_schema" time="16.202" /><testcase classname="backend.tests.test_hunter_api" name="test_profile_404" time="0.044" /><testcase classname="backend.tests.test_hunter_api" name="test_cleanup_test_profiles" time="0.374" /><testcase classname="backend.tests.test_hunter_v3" name="test_achievements_endpoint_returns_84_with_full_shape" time="0.048" /><testcase classname="backend.tests.test_hunter_v3" name="test_categories_coverage" time="0.044" /><testcase classname="backend.tests.test_hunter_v3" name="test_strength_autounlocks_on_profile_create" time="0.046" /><testcase classname="backend.tests.test_hunter_v3" name="test_xp_awarded_for_unlocks_on_create" time="0.044" /><testcase classname="backend.tests.test_hunter_v3" name="test_cardio_run_5km_5min_pace" time="0.044" /><testcase classname="backend.tests.test_hunter_v3" name="test_total_run_km_accumulates_and_best_pace" time="0.178" /><testcase classname="backend.tests.test_hunter_v3" name="test_cardio_sprint_100m_under_20" time="0.089" /><testcase classname="backend.tests.test_hunter_v3" name="test_cardio_sprint_per_distance_storage" time="0.218" /><testcase classname="backend.tests.test_hunter_v3" name="test_cardio_bike_10km" time="0.043" /><testcase classname="backend.tests.test_hunter_v3" name="test_cardio_run_missing_fields_returns_400" time="0.043" /><testcase classname="backend.tests.test_hunter_v3" name="test_cardio_invalid_activity_returns_400" time="0.043" /><testcase classname="backend.tests.test_hunter_v3" name="test_cardio_invalid_profile_404" time="0.043" /><testcase classname="backend.tests.test_hunter_v3" name="test_cardio_unlock_grants_tier_xp" time="0.089" /><testcase classname="backend.tests.test_hunter_v3" name="test_workout_log_session_volume_kg_and_volume_10k" time="0.176" /><testcase classname="backend.tests.test_hunter_v3" name="test_session_volume_below_10k_does_not_unlock" time="0.088" /><testcase classname="backend.tests.test_hunter_v3" name="test_comeback_achievement_unlocks_after_5_day_gap" time="0.438" /><testcase classname="backend.tests.test_hunter_v3" name="test_existing_endpoints_smoke" time="0.173" /><testcase classname="backend.tests.test_hunter_v3" name="test_v3_cleanup_test_profiles" time="0.372" /></testsuite></testsuites>