<?xml version="1.0" encoding="utf-8"?><testsuites name="pytest tests"><testsuite name="pytest" errors="0" failures="0" skipped="0" tests="16" time="17.090" timestamp="2026-05-13T09:54:34.664525+00:00" hostname="agent-env-55264504-5682-4b45-9edf-51c38a819cc5"><testcase classname="backend.tests.test_hunter_api" name="test_root" time="0.004" /><testcase classname="backend.tests.test_hunter_api" name="test_create_profile_generates_24_workouts" time="0.049" /><testcase classname="backend.tests.test_hunter_api" name="test_rank_thresholds" time="0.000" /><testcase classname="backend.tests.test_hunter_api" name="test_dashboard" time="0.043" /><testcase classname="backend.tests.test_hunter_api" name="test_list_workouts" time="0.044" /><testcase classname="backend.tests.test_hunter_api" name="test_get_specific_workout" time="0.043" /><testcase classname="backend.tests.test_hunter_api" name="test_get_workout_404" time="0.043" /><testcase classname="backend.tests.test_hunter_api" name="test_log_workout" time="0.044" /><testcase classname="backend.tests.test_hunter_api" name="test_log_workout_double_complete_fails" time="0.043" /><testcase classname="backend.tests.test_hunter_api" name="test_boss_fight_rank_up" time="0.087" /><testcase classname="backend.tests.test_hunter_api" name="test_rank_s_threshold" time="0.045" /><testcase classname="backend.tests.test_hunter_api" name="test_rank_boundaries" time="0.308" /><testcase classname="backend.tests.test_hunter_api" name="test_achievements_listing" time="0.042" /><testcase classname="backend.tests.test_hunter_api" name="test_progress" time="0.043" /><testcase classname="backend.tests.test_hunter_api" name="test_ai_coach" time="15.981" /><testcase classname="backend.tests.test_hunter_api" name="test_profile_404" time="0.055" /></testsuite></testsuites>