<?xml version="1.0" encoding="utf-8"?><testsuites name="pytest tests"><testsuite name="pytest" errors="0" failures="0" skipped="0" tests="18" time="2.904" timestamp="2026-05-13T11:38:15.206786+00:00" hostname="agent-env-55264504-5682-4b45-9edf-51c38a819cc5"><testcase classname="backend.tests.test_hunter_v3" name="test_achievements_endpoint_returns_84_with_full_shape" time="0.054" /><testcase classname="backend.tests.test_hunter_v3" name="test_categories_coverage" time="0.045" /><testcase classname="backend.tests.test_hunter_v3" name="test_strength_autounlocks_on_profile_create" time="0.044" /><testcase classname="backend.tests.test_hunter_v3" name="test_xp_awarded_for_unlocks_on_create" time="0.045" /><testcase classname="backend.tests.test_hunter_v3" name="test_cardio_run_5km_5min_pace" time="0.044" /><testcase classname="backend.tests.test_hunter_v3" name="test_total_run_km_accumulates_and_best_pace" time="0.177" /><testcase classname="backend.tests.test_hunter_v3" name="test_cardio_sprint_100m_under_20" time="0.087" /><testcase classname="backend.tests.test_hunter_v3" name="test_cardio_sprint_per_distance_storage" time="0.219" /><testcase classname="backend.tests.test_hunter_v3" name="test_cardio_bike_10km" time="0.044" /><testcase classname="backend.tests.test_hunter_v3" name="test_cardio_run_missing_fields_returns_400" time="0.044" /><testcase classname="backend.tests.test_hunter_v3" name="test_cardio_invalid_activity_returns_400" time="0.044" /><testcase classname="backend.tests.test_hunter_v3" name="test_cardio_invalid_profile_404" time="0.043" /><testcase classname="backend.tests.test_hunter_v3" name="test_cardio_unlock_grants_tier_xp" time="0.089" /><testcase classname="backend.tests.test_hunter_v3" name="test_workout_log_session_volume_kg_and_volume_10k" time="0.176" /><testcase classname="backend.tests.test_hunter_v3" name="test_session_volume_below_10k_does_not_unlock" time="0.089" /><testcase classname="backend.tests.test_hunter_v3" name="test_comeback_achievement_unlocks_after_5_day_gap" time="0.997" /><testcase classname="backend.tests.test_hunter_v3" name="test_existing_endpoints_smoke" time="0.175" /><testcase classname="backend.tests.test_hunter_v3" name="test_v3_cleanup_test_profiles" time="0.378" /></testsuite></testsuites>