<?xml version="1.0" encoding="utf-8"?><testsuites name="pytest tests"><testsuite name="pytest" errors="0" failures="0" skipped="0" tests="15" time="2.199" timestamp="2026-05-13T22:42:16.280622+00:00" hostname="agent-env-55264504-5682-4b45-9edf-51c38a819cc5"><testcase classname="backend.tests.test_hunter_v4.TestAchievementCatalog" name="test_achievements_count_and_tiers" time="0.386" /><testcase classname="backend.tests.test_hunter_v4.TestBeginnerProfile" name="test_beginner_auto_unlocks" time="0.050" /><testcase classname="backend.tests.test_hunter_v4.TestStrongProfile" name="test_strong_ladder" time="0.081" /><testcase classname="backend.tests.test_hunter_v4.TestFirstSessions" name="test_first_squat_bench_deadlift" time="0.233" /><testcase classname="backend.tests.test_hunter_v4.TestWeekAndDeload" name="test_first_week_and_deload" time="0.249" /><testcase classname="backend.tests.test_hunter_v4.TestProgression" name="test_gain_lift_via_boss_fight" time="0.106" /><testcase classname="backend.tests.test_hunter_v4.TestProgression" name="test_gain_total_thresholds" time="0.199" /><testcase classname="backend.tests.test_hunter_v4.TestRankChain" name="test_rank_chain_unlocks_lower" time="0.049" /><testcase classname="backend.tests.test_hunter_v4.TestRegression" name="test_dashboard" time="0.102" /><testcase classname="backend.tests.test_hunter_v4.TestRegression" name="test_workouts_list" time="0.053" /><testcase classname="backend.tests.test_hunter_v4.TestRegression" name="test_workout_detail" time="0.099" /><testcase classname="backend.tests.test_hunter_v4.TestRegression" name="test_progress" time="0.047" /><testcase classname="backend.tests.test_hunter_v4.TestRegression" name="test_cardio_run" time="0.050" /><testcase classname="backend.tests.test_hunter_v4.TestRegression" name="test_404_invalid_profile" time="0.248" /><testcase classname="backend.tests.test_hunter_v4.TestWorkoutLogXP" name="test_beginner_xp_via_first_workout" time="0.099" /></testsuite></testsuites>