<?xml version="1.0" encoding="utf-8"?><testsuites name="pytest tests"><testsuite name="pytest" errors="0" failures="0" skipped="0" tests="14" time="13.024" timestamp="2026-05-13T22:53:55.190007+00:00" hostname="agent-env-55264504-5682-4b45-9edf-51c38a819cc5"><testcase classname="backend.tests.test_hunter_v5.TestRankProgressCRank" name="test_c_rank_profile_progress" time="0.054" /><testcase classname="backend.tests.test_hunter_v5.TestRankProgressCRank" name="test_lift_contributions_sum_approx_remaining" time="0.088" /><testcase classname="backend.tests.test_hunter_v5.TestRankProgressCRank" name="test_xp_structure" time="0.088" /><testcase classname="backend.tests.test_hunter_v5.TestRankProgressCRank" name="test_projected_weeks_present_when_not_rank_up" time="0.089" /><testcase classname="backend.tests.test_hunter_v5.TestRankProgressCRank" name="test_message_75_to_95_mentions_remaining_and_weakest" time="0.090" /><testcase classname="backend.tests.test_hunter_v5.TestRankProgressSRank" name="test_s_rank_profile" time="0.089" /><testcase classname="backend.tests.test_hunter_v5.TestRankProgressERank" name="test_e_rank_profile" time="0.089" /><testcase classname="backend.tests.test_hunter_v5.TestRankProgressERank" name="test_e_rank_message_path_is_long" time="0.087" /><testcase classname="backend.tests.test_hunter_v5.TestRankProgressInvalid" name="test_404_for_invalid_profile" time="0.043" /><testcase classname="backend.tests.test_hunter_v5.TestRegressionOtherEndpoints" name="test_dashboard" time="0.048" /><testcase classname="backend.tests.test_hunter_v5.TestRegressionOtherEndpoints" name="test_workouts_list" time="0.047" /><testcase classname="backend.tests.test_hunter_v5.TestRegressionOtherEndpoints" name="test_progress" time="0.043" /><testcase classname="backend.tests.test_hunter_v5.TestRegressionOtherEndpoints" name="test_cardio_log" time="0.046" /><testcase classname="backend.tests.test_hunter_v5.TestRegressionOtherEndpoints" name="test_ai_coach_endpoint_responds" time="11.990" /></testsuite></testsuites>