<?xml version="1.0" encoding="utf-8"?><testsuites name="pytest tests"><testsuite name="pytest" errors="0" failures="0" skipped="0" tests="14" time="16.086" timestamp="2026-05-13T23:04:50.352150+00:00" hostname="agent-env-55264504-5682-4b45-9edf-51c38a819cc5"><testcase classname="backend.tests.test_hunter_v6.TestRequirementsLocked" name="test_weak_beginner_locked_d_rank" time="0.364" /><testcase classname="backend.tests.test_hunter_v6.TestRequirementsLocked" name="test_post_boss_fight_locked_returns_403" time="0.102" /><testcase classname="backend.tests.test_hunter_v6.TestRequirementsLocked" name="test_moderate_meets_lifts_not_total_or_quests" time="0.100" /><testcase classname="backend.tests.test_hunter_v6.TestRequirementsLocked" name="test_strong_total_met_but_zero_quests_still_locked" time="0.101" /><testcase classname="backend.tests.test_hunter_v6.TestEdgeCases" name="test_s_rank_max_rank_unlocked" time="0.105" /><testcase classname="backend.tests.test_hunter_v6.TestEdgeCases" name="test_invalid_profile_id_returns_404" time="0.051" /><testcase classname="backend.tests.test_hunter_v6.TestUnlockPath" name="test_complete_6_quests_unlocks_and_boss_fight_succeeds" time="0.541" /><testcase classname="backend.tests.test_hunter_v6.TestRegression" name="test_rank_progress_200" time="0.195" /><testcase classname="backend.tests.test_hunter_v6.TestRegression" name="test_achievements_200" time="0.050" /><testcase classname="backend.tests.test_hunter_v6.TestRegression" name="test_dashboard_200" time="0.047" /><testcase classname="backend.tests.test_hunter_v6.TestRegression" name="test_progress_200" time="0.046" /><testcase classname="backend.tests.test_hunter_v6.TestRegression" name="test_post_cardio_200" time="0.048" /><testcase classname="backend.tests.test_hunter_v6.TestRegression" name="test_post_workout_log_200" time="0.103" /><testcase classname="backend.tests.test_hunter_v6.TestRegression" name="test_ai_coach_200" time="14.017" /></testsuite></testsuites>