<?xml version="1.0" encoding="utf-8"?><testsuites name="pytest tests"><testsuite name="pytest" errors="0" failures="0" skipped="0" tests="27" time="16.110" timestamp="2026-05-13T23:25:39.995701+00:00" hostname="agent-env-55264504-5682-4b45-9edf-51c38a819cc5"><testcase classname="tests.test_hunter_v7_hotfix.TestBossFightHotfix" name="test_boss_fight_returns_200_with_all_v7_fields" time="1.010" /><testcase classname="tests.test_hunter_v7_hotfix.TestBossFightHotfix" name="test_boss_fight_rank_up_grants_400_coins" time="0.779" /><testcase classname="tests.test_hunter_v7_hotfix.TestBossFightBuffConsumption" name="test_boss_mult_buff_consumed_and_multiplies_xp" time="1.017" /><testcase classname="tests.test_hunter_v7_hotfix.TestBossFightBuffConsumption" name="test_workout_scoped_buff_NOT_consumed_by_boss_fight" time="0.957" /><testcase classname="tests.test_hunter_v7.TestShopCatalog" name="test_catalog_returns_10_items_with_required_fields" time="0.112" /><testcase classname="tests.test_hunter_v7.TestCoinsOnCreate" name="test_initial_coins_awarded_from_auto_unlocked_achievements" time="0.049" /><testcase classname="tests.test_hunter_v7.TestInventoryShape" name="test_inventory_returns_expected_keys" time="0.099" /><testcase classname="tests.test_hunter_v7.TestInventoryShape" name="test_inventory_invalid_profile_returns_404" time="0.050" /><testcase classname="tests.test_hunter_v7.TestShopBuy" name="test_buy_with_sufficient_coins" time="0.203" /><testcase classname="tests.test_hunter_v7.TestShopBuy" name="test_buy_insufficient_coins_returns_400" time="0.104" /><testcase classname="tests.test_hunter_v7.TestShopBuy" name="test_buy_unknown_item_returns_400" time="0.104" /><testcase classname="tests.test_hunter_v7.TestShopBuy" name="test_buy_invalid_profile_404" time="0.056" /><testcase classname="tests.test_hunter_v7.TestActivate" name="test_activate_moves_item_to_active_buffs" time="0.242" /><testcase classname="tests.test_hunter_v7.TestActivate" name="test_max_two_active_buffs" time="0.399" /><testcase classname="tests.test_hunter_v7.TestActivate" name="test_activate_item_not_in_inventory" time="0.108" /><testcase classname="tests.test_hunter_v7.TestWorkoutLogV7" name="test_full_workout_yields_coins_and_loot" time="0.156" /><testcase classname="tests.test_hunter_v7.TestWorkoutLogV7" name="test_partial_workout_no_coins_no_loot" time="0.156" /><testcase classname="tests.test_hunter_v7.TestWorkoutLogV7" name="test_xp_mult_buff_consumed_on_workout" time="0.357" /><testcase classname="tests.test_hunter_v7.TestBossFightV7" name="test_boss_fight_response_v7_fields" time="0.738" /><testcase classname="tests.test_hunter_v7.TestBossFightV7" name="test_boss_fight_locked_for_weak_profile" time="0.094" /><testcase classname="tests.test_hunter_v7.TestRegression" name="test_dashboard" time="0.386" /><testcase classname="tests.test_hunter_v7.TestRegression" name="test_rank_progress" time="0.056" /><testcase classname="tests.test_hunter_v7.TestRegression" name="test_achievements" time="0.055" /><testcase classname="tests.test_hunter_v7.TestRegression" name="test_progress" time="0.053" /><testcase classname="tests.test_hunter_v7.TestRegression" name="test_boss_requirements" time="0.054" /><testcase classname="tests.test_hunter_v7.TestRegression" name="test_cardio_no_loot" time="0.055" /><testcase classname="tests.test_hunter_v7.TestAICoach" name="test_ai_coach_returns_response_string" time="8.564" /></testsuite></testsuites>