<?xml version="1.0" encoding="utf-8"?><testsuites name="pytest tests"><testsuite name="pytest" errors="0" failures="1" skipped="0" tests="23" time="10.353" timestamp="2026-05-13T23:21:44.931849+00:00" hostname="agent-env-55264504-5682-4b45-9edf-51c38a819cc5"><testcase classname="backend.tests.test_hunter_v7.TestShopCatalog" name="test_catalog_returns_10_items_with_required_fields" time="0.188" /><testcase classname="backend.tests.test_hunter_v7.TestCoinsOnCreate" name="test_initial_coins_awarded_from_auto_unlocked_achievements" time="0.050" /><testcase classname="backend.tests.test_hunter_v7.TestInventoryShape" name="test_inventory_returns_expected_keys" time="0.094" /><testcase classname="backend.tests.test_hunter_v7.TestInventoryShape" name="test_inventory_invalid_profile_returns_404" time="0.048" /><testcase classname="backend.tests.test_hunter_v7.TestShopBuy" name="test_buy_with_sufficient_coins" time="0.182" /><testcase classname="backend.tests.test_hunter_v7.TestShopBuy" name="test_buy_insufficient_coins_returns_400" time="0.091" /><testcase classname="backend.tests.test_hunter_v7.TestShopBuy" name="test_buy_unknown_item_returns_400" time="0.091" /><testcase classname="backend.tests.test_hunter_v7.TestShopBuy" name="test_buy_invalid_profile_404" time="0.046" /><testcase classname="backend.tests.test_hunter_v7.TestActivate" name="test_activate_moves_item_to_active_buffs" time="0.234" /><testcase classname="backend.tests.test_hunter_v7.TestActivate" name="test_max_two_active_buffs" time="0.377" /><testcase classname="backend.tests.test_hunter_v7.TestActivate" name="test_activate_item_not_in_inventory" time="0.091" /><testcase classname="backend.tests.test_hunter_v7.TestWorkoutLogV7" name="test_full_workout_yields_coins_and_loot" time="0.137" /><testcase classname="backend.tests.test_hunter_v7.TestWorkoutLogV7" name="test_partial_workout_no_coins_no_loot" time="0.142" /><testcase classname="backend.tests.test_hunter_v7.TestWorkoutLogV7" name="test_xp_mult_buff_consumed_on_workout" time="0.334" /><testcase classname="backend.tests.test_hunter_v7.TestBossFightV7" name="test_boss_fight_response_v7_fields" time="0.711"><failure message="AssertionError: Internal Server Error&#10;assert 500 == 200&#10; +  where 500 = &lt;Response [500]&gt;.status_code">backend/tests/test_hunter_v7.py:310: in test_boss_fight_response_v7_fields
    assert r.status_code == 200, r.text
E   AssertionError: Internal Server Error
E   assert 500 == 200
E    +  where 500 = &lt;Response [500]&gt;.status_code</failure></testcase><testcase classname="backend.tests.test_hunter_v7.TestBossFightV7" name="test_boss_fight_locked_for_weak_profile" time="0.101" /><testcase classname="backend.tests.test_hunter_v7.TestRegression" name="test_dashboard" time="0.189" /><testcase classname="backend.tests.test_hunter_v7.TestRegression" name="test_rank_progress" time="0.048" /><testcase classname="backend.tests.test_hunter_v7.TestRegression" name="test_achievements" time="0.049" /><testcase classname="backend.tests.test_hunter_v7.TestRegression" name="test_progress" time="0.047" /><testcase classname="backend.tests.test_hunter_v7.TestRegression" name="test_boss_requirements" time="0.047" /><testcase classname="backend.tests.test_hunter_v7.TestRegression" name="test_cardio_no_loot" time="0.046" /><testcase classname="backend.tests.test_hunter_v7.TestAICoach" name="test_ai_coach_returns_response_string" time="6.870" /></testsuite></testsuites>